{"/Users/ielmar/Downloads/miniExtensions Coding Challenge/src/helpers.ts": {"path":"/Users/ielmar/Downloads/miniExtensions Coding Challenge/src/helpers.ts","statementMap":{"0":{"start":{"line":1,"column":32},"end":{"line":6,"column":1}},"1":{"start":{"line":2,"column":2},"end":{"line":5,"column":4}},"2":{"start":{"line":1,"column":13},"end":{"line":1,"column":32}}},"fnMap":{"0":{"name":"(anonymous_0)","decl":{"start":{"line":1,"column":32},"end":{"line":1,"column":43}},"loc":{"start":{"line":1,"column":45},"end":{"line":6,"column":1}}}},"branchMap":{},"s":{"0":1,"1":15,"2":1},"f":{"0":15},"b":{}}
,"/Users/ielmar/Downloads/miniExtensions Coding Challenge/src/index.ts": {"path":"/Users/ielmar/Downloads/miniExtensions Coding Challenge/src/index.ts","statementMap":{"0":{"start":{"line":1,"column":0},"end":{"line":1,"column":62}},"1":{"start":{"line":2,"column":0},"end":{"line":2,"column":49}},"2":{"start":{"line":3,"column":0},"end":{"line":3,"column":37}},"3":{"start":{"line":6,"column":0},"end":{"line":6,"column":45}},"4":{"start":{"line":8,"column":21},"end":{"line":8,"column":30}},"5":{"start":{"line":9,"column":0},"end":{"line":9,"column":34}},"6":{"start":{"line":10,"column":0},"end":{"line":10,"column":51}},"7":{"start":{"line":11,"column":0},"end":{"line":11,"column":27}},"8":{"start":{"line":12,"column":0},"end":{"line":12,"column":64}},"9":{"start":{"line":13,"column":0},"end":{"line":13,"column":24}},"10":{"start":{"line":14,"column":0},"end":{"line":14,"column":36}},"11":{"start":{"line":15,"column":0},"end":{"line":15,"column":30}},"12":{"start":{"line":17,"column":13},"end":{"line":17,"column":17}},"13":{"start":{"line":19,"column":29},"end":{"line":19,"column":69}},"14":{"start":{"line":21,"column":28},"end":{"line":21,"column":46}},"15":{"start":{"line":22,"column":28},"end":{"line":22,"column":46}},"16":{"start":{"line":28,"column":4},"end":{"line":28,"column":25}},"17":{"start":{"line":32,"column":4},"end":{"line":32,"column":23}},"18":{"start":{"line":40,"column":21},"end":{"line":40,"column":75}},"19":{"start":{"line":40,"column":49},"end":{"line":40,"column":74}},"20":{"start":{"line":42,"column":4},"end":{"line":44,"column":null}},"21":{"start":{"line":43,"column":6},"end":{"line":43,"column":46}},"22":{"start":{"line":46,"column":31},"end":{"line":46,"column":49}},"23":{"start":{"line":49,"column":4},"end":{"line":51,"column":null}},"24":{"start":{"line":49,"column":46},"end":{"line":49,"column":72}},"25":{"start":{"line":50,"column":6},"end":{"line":50,"column":40}},"26":{"start":{"line":54,"column":4},"end":{"line":57,"column":7}},"27":{"start":{"line":60,"column":4},"end":{"line":63,"column":6}},"28":{"start":{"line":71,"column":4},"end":{"line":71,"column":39}},"29":{"start":{"line":76,"column":21},"end":{"line":76,"column":75}},"30":{"start":{"line":76,"column":49},"end":{"line":76,"column":74}},"31":{"start":{"line":79,"column":4},"end":{"line":81,"column":null}},"32":{"start":{"line":80,"column":6},"end":{"line":80,"column":46}},"33":{"start":{"line":84,"column":22},"end":{"line":85,"column":null}},"34":{"start":{"line":85,"column":18},"end":{"line":85,"column":45}},"35":{"start":{"line":89,"column":4},"end":{"line":91,"column":null}},"36":{"start":{"line":90,"column":6},"end":{"line":90,"column":47}},"37":{"start":{"line":94,"column":4},"end":{"line":94,"column":21}},"38":{"start":{"line":98,"column":4},"end":{"line":98,"column":39}},"39":{"start":{"line":103,"column":21},"end":{"line":103,"column":75}},"40":{"start":{"line":103,"column":49},"end":{"line":103,"column":74}},"41":{"start":{"line":106,"column":4},"end":{"line":108,"column":null}},"42":{"start":{"line":107,"column":6},"end":{"line":107,"column":46}},"43":{"start":{"line":111,"column":4},"end":{"line":111,"column":75}},"44":{"start":{"line":111,"column":48},"end":{"line":111,"column":73}},"45":{"start":{"line":114,"column":4},"end":{"line":114,"column":16}},"46":{"start":{"line":24,"column":0},"end":{"line":24,"column":13}},"47":{"start":{"line":118,"column":37},"end":{"line":145,"column":2}},"48":{"start":{"line":147,"column":0},"end":{"line":169,"column":3}},"49":{"start":{"line":148,"column":17},"end":{"line":148,"column":42}},"50":{"start":{"line":150,"column":24},"end":{"line":150,"column":51}},"51":{"start":{"line":151,"column":2},"end":{"line":154,"column":null}},"52":{"start":{"line":152,"column":4},"end":{"line":152,"column":35}},"53":{"start":{"line":153,"column":4},"end":{"line":153,"column":56}},"54":{"start":{"line":156,"column":30},"end":{"line":157,"column":null}},"55":{"start":{"line":157,"column":15},"end":{"line":157,"column":43}},"56":{"start":{"line":159,"column":2},"end":{"line":162,"column":null}},"57":{"start":{"line":160,"column":4},"end":{"line":160,"column":35}},"58":{"start":{"line":161,"column":4},"end":{"line":161,"column":56}},"59":{"start":{"line":164,"column":2},"end":{"line":168,"column":5}},"60":{"start":{"line":171,"column":0},"end":{"line":193,"column":3}},"61":{"start":{"line":172,"column":2},"end":{"line":172,"column":52}},"62":{"start":{"line":174,"column":28},"end":{"line":174,"column":36}},"63":{"start":{"line":176,"column":17},"end":{"line":176,"column":42}},"64":{"start":{"line":178,"column":30},"end":{"line":178,"column":74}},"65":{"start":{"line":178,"column":53},"end":{"line":178,"column":73}},"66":{"start":{"line":179,"column":2},"end":{"line":192,"column":null}},"67":{"start":{"line":180,"column":4},"end":{"line":182,"column":7}},"68":{"start":{"line":184,"column":19},"end":{"line":189,"column":6}},"69":{"start":{"line":191,"column":4},"end":{"line":191,"column":21}},"70":{"start":{"line":195,"column":0},"end":{"line":197,"column":3}},"71":{"start":{"line":196,"column":2},"end":{"line":196,"column":76}}},"fnMap":{"0":{"name":"(anonymous_1)","decl":{"start":{"line":27,"column":2},"end":{"line":27,"column":14}},"loc":{"start":{"line":27,"column":37},"end":{"line":29,"column":3}}},"1":{"name":"(anonymous_2)","decl":{"start":{"line":31,"column":2},"end":{"line":31,"column":11}},"loc":{"start":{"line":31,"column":11},"end":{"line":33,"column":3}}},"2":{"name":"(anonymous_3)","decl":{"start":{"line":35,"column":2},"end":{"line":35,"column":14}},"loc":{"start":{"line":38,"column":3},"end":{"line":64,"column":3}}},"3":{"name":"(anonymous_4)","decl":{"start":{"line":40,"column":38},"end":{"line":40,"column":39}},"loc":{"start":{"line":40,"column":49},"end":{"line":40,"column":74}}},"4":{"name":"(anonymous_5)","decl":{"start":{"line":49,"column":34},"end":{"line":49,"column":35}},"loc":{"start":{"line":49,"column":46},"end":{"line":49,"column":72}}},"5":{"name":"(anonymous_6)","decl":{"start":{"line":66,"column":2},"end":{"line":66,"column":14}},"loc":{"start":{"line":70,"column":3},"end":{"line":72,"column":3}}},"6":{"name":"(anonymous_7)","decl":{"start":{"line":74,"column":2},"end":{"line":74,"column":11}},"loc":{"start":{"line":74,"column":55},"end":{"line":95,"column":3}}},"7":{"name":"(anonymous_8)","decl":{"start":{"line":76,"column":38},"end":{"line":76,"column":39}},"loc":{"start":{"line":76,"column":49},"end":{"line":76,"column":74}}},"8":{"name":"(anonymous_9)","decl":{"start":{"line":85,"column":6},"end":{"line":85,"column":7}},"loc":{"start":{"line":85,"column":18},"end":{"line":85,"column":45}}},"9":{"name":"(anonymous_10)","decl":{"start":{"line":97,"column":2},"end":{"line":97,"column":14}},"loc":{"start":{"line":97,"column":58},"end":{"line":99,"column":3}}},"10":{"name":"(anonymous_11)","decl":{"start":{"line":101,"column":2},"end":{"line":101,"column":13}},"loc":{"start":{"line":101,"column":39},"end":{"line":115,"column":3}}},"11":{"name":"(anonymous_12)","decl":{"start":{"line":103,"column":38},"end":{"line":103,"column":39}},"loc":{"start":{"line":103,"column":49},"end":{"line":103,"column":74}}},"12":{"name":"(anonymous_13)","decl":{"start":{"line":111,"column":37},"end":{"line":111,"column":38}},"loc":{"start":{"line":111,"column":48},"end":{"line":111,"column":73}}},"13":{"name":"(anonymous_14)","decl":{"start":{"line":147,"column":13},"end":{"line":147,"column":14}},"loc":{"start":{"line":147,"column":45},"end":{"line":169,"column":1}}},"14":{"name":"(anonymous_15)","decl":{"start":{"line":157,"column":4},"end":{"line":157,"column":5}},"loc":{"start":{"line":157,"column":15},"end":{"line":157,"column":43}}},"15":{"name":"(anonymous_16)","decl":{"start":{"line":171,"column":27},"end":{"line":171,"column":28}},"loc":{"start":{"line":171,"column":59},"end":{"line":193,"column":1}}},"16":{"name":"(anonymous_17)","decl":{"start":{"line":178,"column":42},"end":{"line":178,"column":43}},"loc":{"start":{"line":178,"column":53},"end":{"line":178,"column":73}}},"17":{"name":"(anonymous_18)","decl":{"start":{"line":195,"column":17},"end":{"line":195,"column":20}},"loc":{"start":{"line":195,"column":22},"end":{"line":197,"column":1}}}},"branchMap":{"0":{"loc":{"start":{"line":42,"column":4},"end":{"line":44,"column":null}},"type":"if","locations":[{"start":{"line":42,"column":4},"end":{"line":44,"column":null}}]},"1":{"loc":{"start":{"line":49,"column":19},"end":{"line":49,"column":21}},"type":"cond-expr","locations":[{"start":{"line":49,"column":19},"end":{"line":49,"column":21}},{"start":{"line":49,"column":11},"end":{"line":49,"column":73}}]},"2":{"loc":{"start":{"line":49,"column":11},"end":{"line":49,"column":21}},"type":"binary-expr","locations":[{"start":{"line":49,"column":11},"end":{"line":49,"column":21}},{"start":{"line":49,"column":11},"end":{"line":49,"column":21}}]},"3":{"loc":{"start":{"line":54,"column":12},"end":{"line":54,"column":14}},"type":"cond-expr","locations":[{"start":{"line":54,"column":12},"end":{"line":54,"column":14}},{"start":{"line":54,"column":4},"end":{"line":57,"column":6}}]},"4":{"loc":{"start":{"line":54,"column":4},"end":{"line":54,"column":14}},"type":"binary-expr","locations":[{"start":{"line":54,"column":4},"end":{"line":54,"column":14}},{"start":{"line":54,"column":4},"end":{"line":54,"column":14}}]},"5":{"loc":{"start":{"line":79,"column":4},"end":{"line":81,"column":null}},"type":"if","locations":[{"start":{"line":79,"column":4},"end":{"line":81,"column":null}}]},"6":{"loc":{"start":{"line":89,"column":4},"end":{"line":91,"column":null}},"type":"if","locations":[{"start":{"line":89,"column":4},"end":{"line":91,"column":null}}]},"7":{"loc":{"start":{"line":106,"column":4},"end":{"line":108,"column":null}},"type":"if","locations":[{"start":{"line":106,"column":4},"end":{"line":108,"column":null}}]},"8":{"loc":{"start":{"line":151,"column":2},"end":{"line":154,"column":null}},"type":"if","locations":[{"start":{"line":151,"column":2},"end":{"line":154,"column":null}}]},"9":{"loc":{"start":{"line":159,"column":2},"end":{"line":162,"column":null}},"type":"if","locations":[{"start":{"line":159,"column":2},"end":{"line":162,"column":null}}]},"10":{"loc":{"start":{"line":179,"column":2},"end":{"line":192,"column":null}},"type":"if","locations":[{"start":{"line":179,"column":2},"end":{"line":192,"column":null}},{"start":{"line":183,"column":9},"end":{"line":192,"column":null}}]}},"s":{"0":1,"1":1,"2":1,"3":1,"4":1,"5":1,"6":1,"7":1,"8":1,"9":1,"10":1,"11":1,"12":1,"13":1,"14":1,"15":1,"16":2,"17":0,"18":3,"19":3,"20":3,"21":3,"22":0,"23":0,"24":0,"25":0,"26":0,"27":0,"28":0,"29":0,"30":0,"31":0,"32":0,"33":0,"34":0,"35":0,"36":0,"37":0,"38":0,"39":1,"40":1,"41":1,"42":0,"43":1,"44":2,"45":1,"46":1,"47":1,"48":1,"49":0,"50":0,"51":0,"52":0,"53":0,"54":0,"55":0,"56":0,"57":0,"58":0,"59":0,"60":1,"61":0,"62":0,"63":0,"64":0,"65":0,"66":0,"67":0,"68":0,"69":0,"70":1,"71":0},"f":{"0":2,"1":0,"2":3,"3":3,"4":0,"5":0,"6":0,"7":0,"8":0,"9":0,"10":1,"11":1,"12":2,"13":0,"14":0,"15":0,"16":0,"17":0},"b":{"0":[3],"1":[0,0],"2":[0,0],"3":[0,0],"4":[0,0],"5":[0],"6":[0],"7":[0],"8":[0],"9":[0],"10":[0,0]}}
}
